<?xml version="1.0" encoding="UTF-8"?>
<testsuite xmlns:xsi="http://www.w3.org/2001/XMLSchema-instance" xsi:noNamespaceSchemaLocation="https://maven.apache.org/surefire/maven-surefire-plugin/xsd/surefire-test-report.xsd" name="se.michaelthelin.spotify.requests.data.player.SeekToPositionInCurrentlyPlayingTrackRequestTest" time="0.001" tests="3" errors="0" skipped="0" failures="0">
  <properties>
[...]
</properties>
  <testcase name="shouldReturnDefault_sync" classname="se.michaelthelin.spotify.requests.data.player.SeekToPositionInCurrentlyPlayingTrackRequestTest" time="0"/>
  <testcase name="shouldReturnDefault_async" classname="se.michaelthelin.spotify.requests.data.player.SeekToPositionInCurrentlyPlayingTrackRequestTest" time="0"/>
  <testcase name="shouldComplyWithReference" classname="se.michaelthelin.spotify.requests.data.player.SeekToPositionInCurrentlyPlayingTrackRequestTest" time="0"/>
</testsuite>